Determining size of off64_t failed with the following output:
Change Dir: D:/cg/games202/homework2/Assignment2/prt/out/build/x64-Debug (ÈªòËÆ§ÂÄº)/CMakeFiles/CMakeTmp

Run Build Command(s):C:/Program Files (x86)/Microsoft Visual Studio/2019/Community/Common7/IDE/CommonExtensions/Microsoft/CMake/Ninja/ninja.exe cmTC_35a6f && [1/2] Building C object CMakeFiles\cmTC_35a6f.dir\OFF64_T.c.obj
FAILED: CMakeFiles/cmTC_35a6f.dir/OFF64_T.c.obj 
C:\PROGRA~2\MICROS~2\2019\COMMUN~1\VC\Tools\MSVC\1428~1.293\bin\Hostx64\x64\cl.exe  /nologo -DHAVE_STDDEF_H -DHAVE_STDINT_H -DHAVE_SYS_TYPES_H -D_LARGEFILE64_SOURCE=1  /DWIN32 /D_WINDOWS /W3  /MDd /Zi /Ob0 /Od /RTC1 /showIncludes /FoCMakeFiles\cmTC_35a6f.dir\OFF64_T.c.obj /FdCMakeFiles\cmTC_35a6f.dir\ /FS -c "D:\cg\games202\homework2\Assignment2\prt\out\build\x64-Debug (ƒ¨»œ÷µ)\CMakeFiles\CheckTypeSize\OFF64_T.c"
Ê≥®ÊÑè: ÂåÖÂê´Êñá‰ª∂:  C:\Program Files (x86)\Windows Kits\10\include\10.0.18362.0\ucrt\sys/types.h
Ê≥®ÊÑè: ÂåÖÂê´Êñá‰ª∂:  C:\Program Files (x86)\Microsoft Visual Studio\2019\Community\VC\Tools\MSVC\14.28.29333\include\stdint.h
Ê≥®ÊÑè: ÂåÖÂê´Êñá‰ª∂:   C:\Program Files (x86)\Microsoft Visual Studio\2019\Community\VC\Tools\MSVC\14.28.29333\include\vcruntime.h
Ê≥®ÊÑè: ÂåÖÂê´Êñá‰ª∂:    C:\Program Files (x86)\Microsoft Visual Studio\2019\Community\VC\Tools\MSVC\14.28.29333\include\sal.h
Ê≥®ÊÑè: ÂåÖÂê´Êñá‰ª∂:     C:\Program Files (x86)\Microsoft Visual Studio\2019\Community\VC\Tools\MSVC\14.28.29333\include\concurrencysal.h
Ê≥®ÊÑè: ÂåÖÂê´Êñá‰ª∂:    C:\Program Files (x86)\Microsoft Visual Studio\2019\Community\VC\Tools\MSVC\14.28.29333\include\vadefs.h
Ê≥®ÊÑè: ÂåÖÂê´Êñá‰ª∂:  C:\Program Files (x86)\Windows Kits\10\include\10.0.18362.0\ucrt\stddef.h
Ê≥®ÊÑè: ÂåÖÂê´Êñá‰ª∂:   C:\Program Files (x86)\Windows Kits\10\include\10.0.18362.0\ucrt\corecrt.h
D:\cg\games202\homework2\Assignment2\prt\out\build\x64-Debug (ÈªòËÆ§ÂÄº)\CMakeFiles\CheckTypeSize\OFF64_T.c(29): error C2065: ‚Äúoff64_t‚Äù: Êú™Â£∞ÊòéÁöÑÊ†áËØÜÁ¨¶
D:\cg\games202\homework2\Assignment2\prt\out\build\x64-Debug (ÈªòËÆ§ÂÄº)\CMakeFiles\CheckTypeSize\OFF64_T.c(30): error C2065: ‚Äúoff64_t‚Äù: Êú™Â£∞ÊòéÁöÑÊ†áËØÜÁ¨¶
D:\cg\games202\homework2\Assignment2\prt\out\build\x64-Debug (ÈªòËÆ§ÂÄº)\CMakeFiles\CheckTypeSize\OFF64_T.c(31): error C2065: ‚Äúoff64_t‚Äù: Êú™Â£∞ÊòéÁöÑÊ†áËØÜÁ¨¶
D:\cg\games202\homework2\Assignment2\prt\out\build\x64-Debug (ÈªòËÆ§ÂÄº)\CMakeFiles\CheckTypeSize\OFF64_T.c(32): error C2065: ‚Äúoff64_t‚Äù: Êú™Â£∞ÊòéÁöÑÊ†áËØÜÁ¨¶
D:\cg\games202\homework2\Assignment2\prt\out\build\x64-Debug (ÈªòËÆ§ÂÄº)\CMakeFiles\CheckTypeSize\OFF64_T.c(33): error C2065: ‚Äúoff64_t‚Äù: Êú™Â£∞ÊòéÁöÑÊ†áËØÜÁ¨¶
ninja: build stopped: subcommand failed.


D:/cg/games202/homework2/Assignment2/prt/out/build/x64-Debug (ÈªòËÆ§ÂÄº)/CMakeFiles/CheckTypeSize/OFF64_T.c:
#include <sys/types.h>
#include <stdint.h>
#include <stddef.h>


#undef KEY
#if defined(__i386)
# define KEY '_','_','i','3','8','6'
#elif defined(__x86_64)
# define KEY '_','_','x','8','6','_','6','4'
#elif defined(__PPC64__)
# define KEY '_','_','P','P','C','6','4','_','_'
#elif defined(__ppc64__)
# define KEY '_','_','p','p','c','6','4','_','_'
#elif defined(__PPC__)
# define KEY '_','_','P','P','C','_','_'
#elif defined(__ppc__)
# define KEY '_','_','p','p','c','_','_'
#elif defined(__aarch64__)
# define KEY '_','_','a','a','r','c','h','6','4','_','_'
#elif defined(__ARM_ARCH_7A__)
# define KEY '_','_','A','R','M','_','A','R','C','H','_','7','A','_','_'
#elif defined(__ARM_ARCH_7S__)
# define KEY '_','_','A','R','M','_','A','R','C','H','_','7','S','_','_'
#endif

#define SIZE (sizeof(off64_t))
static char info_size[] =  {'I', 'N', 'F', 'O', ':', 's','i','z','e','[',
  ('0' + ((SIZE / 10000)%10)),
  ('0' + ((SIZE / 1000)%10)),
  ('0' + ((SIZE / 100)%10)),
  ('0' + ((SIZE / 10)%10)),
  ('0' +  (SIZE    % 10)),
  ']',
#ifdef KEY
  ' ','k','e','y','[', KEY, ']',
#endif
  '\0'};

#ifdef __CLASSIC_C__
int main(argc, argv) int argc; char *argv[];
#else
int main(int argc, char *argv[])
#endif
{
  int require = 0;
  require += info_size[argc];
  (void)argv;
  return require;
}


Determining if the function fseeko exists failed with the following output:
Change Dir: D:/cg/games202/homework2/Assignment2/prt/out/build/x64-Debug (ÈªòËÆ§ÂÄº)/CMakeFiles/CMakeTmp

Run Build Command(s):C:/Program Files (x86)/Microsoft Visual Studio/2019/Community/Common7/IDE/CommonExtensions/Microsoft/CMake/Ninja/ninja.exe cmTC_2945d && [1/2] Building C object CMakeFiles\cmTC_2945d.dir\CheckFunctionExists.c.obj
[2/2] Linking C executable cmTC_2945d.exe
FAILED: cmTC_2945d.exe 
cmd.exe /C "cd . && "C:\Program Files (x86)\Microsoft Visual Studio\2019\Community\Common7\IDE\CommonExtensions\Microsoft\CMake\CMake\bin\cmake.exe" -E vs_link_exe --intdir=CMakeFiles\cmTC_2945d.dir --rc=C:\PROGRA~2\WI3CF2~1\10\bin\100183~1.0\x64\rc.exe --mt=C:\PROGRA~2\WI3CF2~1\10\bin\100183~1.0\x64\mt.exe --manifests  -- C:\PROGRA~2\MICROS~2\2019\COMMUN~1\VC\Tools\MSVC\1428~1.293\bin\Hostx64\x64\link.exe /nologo CMakeFiles\cmTC_2945d.dir\CheckFunctionExists.c.obj  /out:cmTC_2945d.exe /implib:cmTC_2945d.lib /pdb:cmTC_2945d.pdb /version:0.0 /machine:x64  /debug /INCREMENTAL /subsystem:console  kernel32.lib user32.lib gdi32.lib winspool.lib shell32.lib ole32.lib oleaut32.lib uuid.lib comdlg32.lib advapi32.lib && cd ."
LINK Pass 1: command "C:\PROGRA~2\MICROS~2\2019\COMMUN~1\VC\Tools\MSVC\1428~1.293\bin\Hostx64\x64\link.exe /nologo CMakeFiles\cmTC_2945d.dir\CheckFunctionExists.c.obj /out:cmTC_2945d.exe /implib:cmTC_2945d.lib /pdb:cmTC_2945d.pdb /version:0.0 /machine:x64 /debug /INCREMENTAL /subsystem:console kernel32.lib user32.lib gdi32.lib winspool.lib shell32.lib ole32.lib oleaut32.lib uuid.lib comdlg32.lib advapi32.lib /MANIFEST /MANIFESTFILE:CMakeFiles\cmTC_2945d.dir/intermediate.manifest CMakeFiles\cmTC_2945d.dir/manifest.res" failed (exit code 1120) with the following output:
CheckFunctionExists.c.obj : error LNK2019: Êó†Ê≥ïËß£ÊûêÁöÑÂ§ñÈÉ®Á¨¶Âè∑ fseekoÔºåÂáΩÊï∞ main ‰∏≠ÂºïÁî®‰∫ÜËØ•Á¨¶Âè∑
cmTC_2945d.exe : fatal error LNK1120: 1 ‰∏™Êó†Ê≥ïËß£ÊûêÁöÑÂ§ñÈÉ®ÂëΩ‰ª§
ninja: build stopped: subcommand failed.



Determining if the include file unistd.h exists failed with the following output:
Change Dir: D:/cg/games202/homework2/Assignment2/prt/out/build/x64-Debug (ÈªòËÆ§ÂÄº)/CMakeFiles/CMakeTmp

Run Build Command(s):C:/Program Files (x86)/Microsoft Visual Studio/2019/Community/Common7/IDE/CommonExtensions/Microsoft/CMake/Ninja/ninja.exe cmTC_59ef4 && [1/2] Building C object CMakeFiles\cmTC_59ef4.dir\CheckIncludeFile.c.obj
FAILED: CMakeFiles/cmTC_59ef4.dir/CheckIncludeFile.c.obj 
C:\PROGRA~2\MICROS~2\2019\COMMUN~1\VC\Tools\MSVC\1428~1.293\bin\Hostx64\x64\cl.exe  /nologo   /DWIN32 /D_WINDOWS /W3  /MDd /Zi /Ob0 /Od /RTC1 /showIncludes /FoCMakeFiles\cmTC_59ef4.dir\CheckIncludeFile.c.obj /FdCMakeFiles\cmTC_59ef4.dir\ /FS -c CheckIncludeFile.c
CheckIncludeFile.c(1): fatal error C1083: Êó†Ê≥ïÊâìÂºÄÂåÖÊã¨Êñá‰ª∂: ‚Äúunistd.h‚Äù: No such file or directory
ninja: build stopped: subcommand failed.



Performing C++ SOURCE FILE Test HAVE_GCC_INLINE_ASM_AVX failed with the following output:
Change Dir: D:/cg/games202/homework2/Assignment2/prt/out/build/x64-Debug (ÈªòËÆ§ÂÄº)/CMakeFiles/CMakeTmp

Run Build Command(s):C:/Program Files (x86)/Microsoft Visual Studio/2019/Community/Common7/IDE/CommonExtensions/Microsoft/CMake/Ninja/ninja.exe cmTC_9e224 && [1/2] Building CXX object CMakeFiles\cmTC_9e224.dir\src.cxx.obj
FAILED: CMakeFiles/cmTC_9e224.dir/src.cxx.obj 
C:\PROGRA~2\MICROS~2\2019\COMMUN~1\VC\Tools\MSVC\1428~1.293\bin\Hostx64\x64\cl.exe  /nologo /TP   /DWIN32 /D_WINDOWS /W3 /GR /EHsc /D_CRT_SECURE_NO_WARNINGS /D__TBB_NO_IMPLICIT_LINKAGE /MP /wd4275 /wd4267 /wd4244 /wd4477 /wd4996 /wd4800 /wd4334 /wd4251 /wd4305 /wd4302 /wd4311 /wd4018 -DHAVE_GCC_INLINE_ASM_AVX /MDd /Zi /Ob0 /Od /RTC1 /showIncludes /FoCMakeFiles\cmTC_9e224.dir\src.cxx.obj /FdCMakeFiles\cmTC_9e224.dir\ /FS -c src.cxx
src.cxx(13): fatal error C1189: #error:  No GCC style inline asm supported for AVX instructions
ninja: build stopped: subcommand failed.


Source file was:

	int main()
	{
	 #if defined(__GNUC__) && defined(__SSE2__)
		 int n   = 0;
		 int eax = 0;
		 int edx = 0;
		 __asm__(
			 "xgetbv     ;"
			 "vzeroupper  "
			 : "=a"(eax), "=d"(edx) : "c"(n) : );
	 #else
		 #error No GCC style inline asm supported for AVX instructions
	 #endif
	}
	
Performing C++ SOURCE FILE Test HAVE_SYSCONF_NPROCESSORS_ONLN failed with the following output:
Change Dir: D:/cg/games202/homework2/Assignment2/prt/out/build/x64-Debug (ÈªòËÆ§ÂÄº)/CMakeFiles/CMakeTmp

Run Build Command(s):C:/Program Files (x86)/Microsoft Visual Studio/2019/Community/Common7/IDE/CommonExtensions/Microsoft/CMake/Ninja/ninja.exe cmTC_23c7b && [1/2] Building CXX object CMakeFiles\cmTC_23c7b.dir\src.cxx.obj
FAILED: CMakeFiles/cmTC_23c7b.dir/src.cxx.obj 
C:\PROGRA~2\MICROS~2\2019\COMMUN~1\VC\Tools\MSVC\1428~1.293\bin\Hostx64\x64\cl.exe  /nologo /TP   /DWIN32 /D_WINDOWS /W3 /GR /EHsc /D_CRT_SECURE_NO_WARNINGS /D__TBB_NO_IMPLICIT_LINKAGE /MP /wd4275 /wd4267 /wd4244 /wd4477 /wd4996 /wd4800 /wd4334 /wd4251 /wd4305 /wd4302 /wd4311 /wd4018 -DHAVE_SYSCONF_NPROCESSORS_ONLN /MDd /Zi /Ob0 /Od /RTC1 /showIncludes /FoCMakeFiles\cmTC_23c7b.dir\src.cxx.obj /FdCMakeFiles\cmTC_23c7b.dir\ /FS -c src.cxx
src.cxx(2): fatal error C1083: Êó†Ê≥ïÊâìÂºÄÂåÖÊã¨Êñá‰ª∂: ‚Äúunistd.h‚Äù: No such file or directory
ninja: build stopped: subcommand failed.


Source file was:

    #include <unistd.h>
    int main()
    {
        sysconf(_SC_NPROCESSORS_ONLN);
    }
    
Checking whether the ASM_MASM compiler is GNU using "--version" did not match "(GNU assembler)|(GCC)|(Free Software Foundation)":
Microsoft (R) Macro Assembler (x64) Version 14.28.29337.0
Copyright (C) Microsoft Corporation.  All rights reserved.

MASM : warning A4018:invalid command-line option : --version
MASM : fatal error A1017:missing source filename
Checking whether the ASM_MASM compiler is Clang using "--version" did not match "(clang version)":
Microsoft (R) Macro Assembler (x64) Version 14.28.29337.0
Copyright (C) Microsoft Corporation.  All rights reserved.

MASM : warning A4018:invalid command-line option : --version
MASM : fatal error A1017:missing source filename
Checking whether the ASM_MASM compiler is AppleClang using "--version" did not match "(Apple LLVM version)":
Microsoft (R) Macro Assembler (x64) Version 14.28.29337.0
Copyright (C) Microsoft Corporation.  All rights reserved.

MASM : warning A4018:invalid command-line option : --version
MASM : fatal error A1017:missing source filename
Checking whether the ASM_MASM compiler is ARMClang using "--version" did not match "armclang":
Microsoft (R) Macro Assembler (x64) Version 14.28.29337.0
Copyright (C) Microsoft Corporation.  All rights reserved.

MASM : warning A4018:invalid command-line option : --version
MASM : fatal error A1017:missing source filename
Checking whether the ASM_MASM compiler is HP using "-V" did not match "HP C":
Microsoft (R) Macro Assembler (x64) Version 14.28.29337.0
Copyright (C) Microsoft Corporation.  All rights reserved.

MASM : warning A4018:invalid command-line option : -V
MASM : fatal error A1017:missing source filename
Checking whether the ASM_MASM compiler is Intel using "--version" did not match "(ICC)":
Microsoft (R) Macro Assembler (x64) Version 14.28.29337.0
Copyright (C) Microsoft Corporation.  All rights reserved.

MASM : warning A4018:invalid command-line option : --version
MASM : fatal error A1017:missing source filename
Checking whether the ASM_MASM compiler is SunPro using "-V" did not match "Sun C":
Microsoft (R) Macro Assembler (x64) Version 14.28.29337.0
Copyright (C) Microsoft Corporation.  All rights reserved.

MASM : warning A4018:invalid command-line option : -V
MASM : fatal error A1017:missing source filename
Checking whether the ASM_MASM compiler is XL using "-qversion" did not match "XL C":
Microsoft (R) Macro Assembler (x64) Version 14.28.29337.0
Copyright (C) Microsoft Corporation.  All rights reserved.

MASM : warning A4018:invalid command-line option : -qversion
MASM : fatal error A1017:missing source filename
